0 info it worked if it ends with ok
1 verbose cli [ 'C:\\Program Files\\nodejs\\node.exe',
1 verbose cli   'C:\\Program Files\\nodejs\\node_modules\\npm\\bin\\npm-cli.js',
1 verbose cli   'run',
1 verbose cli   'debug' ]
2 info using npm@2.15.9
3 info using node@v4.6.0
4 verbose run-script [ 'predebug', 'debug', 'postdebug' ]
5 info predebug ski-dictionary@1.0.0
6 verbose unsafe-perm in lifecycle true
7 info debug ski-dictionary@1.0.0
8 verbose unsafe-perm in lifecycle true
9 info ski-dictionary@1.0.0 Failed to exec debug script
10 verbose stack Error: ski-dictionary@1.0.0 debug: `open http://localhost:3000 & open http://localhost:8080/debug?port=5858`
10 verbose stack Exit status 1
10 verbose stack     at EventEmitter.<anonymous> (C:\Program Files\nodejs\node_modules\npm\lib\utils\lifecycle.js:217:16)
10 verbose stack     at emitTwo (events.js:87:13)
10 verbose stack     at EventEmitter.emit (events.js:172:7)
10 verbose stack     at ChildProcess.<anonymous> (C:\Program Files\nodejs\node_modules\npm\lib\utils\spawn.js:24:14)
10 verbose stack     at emitTwo (events.js:87:13)
10 verbose stack     at ChildProcess.emit (events.js:172:7)
10 verbose stack     at maybeClose (internal/child_process.js:829:16)
10 verbose stack     at Process.ChildProcess._handle.onexit (internal/child_process.js:211:5)
11 verbose pkgid ski-dictionary@1.0.0
12 verbose cwd C:\Users\Jacob\Desktop\Ex_Files_Nodejs_EssT\Ex_Files_Nodejs_EssT\Ch11\11_06\start
13 error Windows_NT 10.0.14393
14 error argv "C:\\Program Files\\nodejs\\node.exe" "C:\\Program Files\\nodejs\\node_modules\\npm\\bin\\npm-cli.js" "run" "debug"
15 error node v4.6.0
16 error npm  v2.15.9
17 error code ELIFECYCLE
18 error ski-dictionary@1.0.0 debug: `open http://localhost:3000 & open http://localhost:8080/debug?port=5858`
18 error Exit status 1
19 error Failed at the ski-dictionary@1.0.0 debug script 'open http://localhost:3000 & open http://localhost:8080/debug?port=5858'.
19 error This is most likely a problem with the ski-dictionary package,
19 error not with npm itself.
19 error Tell the author that this fails on your system:
19 error     open http://localhost:3000 & open http://localhost:8080/debug?port=5858
19 error You can get information on how to open an issue for this project with:
19 error     npm bugs ski-dictionary
19 error Or if that isn't available, you can get their info via:
19 error
19 error     npm owner ls ski-dictionary
19 error There is likely additional logging output above.
20 verbose exit [ 1, true ]
